-------------------------------------------------------------------------------
Test set: com.example.demo.email.TodoAppApplicationTests
-------------------------------------------------------------------------------
Tests run: 1, Failures: 0, Errors: 1, Skipped: 0, Time elapsed: 0.993 s <<< FAILURE! - in com.example.demo.email.TodoAppApplicationTests
com.example.demo.email.TodoAppApplicationTests  Time elapsed: 0.99 s  <<< ERROR!
java.lang.IllegalStateException: Unable to find a @SpringBootConfiguration, you need to use @ContextConfiguration or @SpringBootTest(classes=...) with your test

